<?xml version="1.0" encoding="UTF-8"?>
<testng-results skipped="0" failed="0" ignored="0" total="1" passed="1">
  <reporter-output>
  </reporter-output>
  <suite name="Default suite" duration-ms="2347" started-at="2020-04-20T18:20:23 BRT" finished-at="2020-04-20T18:20:25 BRT">
    <groups>
    </groups>
    <test name="Default test" duration-ms="2347" started-at="2020-04-20T18:20:23 BRT" finished-at="2020-04-20T18:20:25 BRT">
      <class name="Request">
        <test-method status="PASS" signature="testRequest()[pri:0, instance:Request@1f28c152]" name="testRequest" duration-ms="2312" started-at="2020-04-20T18:20:23 BRT" finished-at="2020-04-20T18:20:25 BRT">
          <reporter-output>
          </reporter-output>
        </test-method> <!-- testRequest -->
      </class> <!-- Request -->
    </test> <!-- Default test -->
  </suite> <!-- Default suite -->
</testng-results>
